  [1m[35m (4.4ms)[0m  [1m[34mSELECT sqlite_version(*)[0m
  ↳ test/test_helper.rb:3:in `<main>'
DEPRECATION WARNING: ActionDispatch::Http::ParameterFilter is deprecated and will be removed from Rails 6.1. Use ActiveSupport::ParameterFilter instead. (called from const_get at /Library/Ruby/Gems/2.6.0/gems/sorbet-0.5.5870/lib/real_stdlib.rb:77)
DEPRECATION WARNING: ActionDispatch::Http::ParameterFilter is deprecated and will be removed from Rails 6.1. Use ActiveSupport::ParameterFilter instead. (called from const_get at /Library/Ruby/Gems/2.6.0/gems/sorbet-0.5.5870/lib/serialize.rb:104)
DEPRECATION WARNING: ActionDispatch::Http::ParameterFilter is deprecated and will be removed from Rails 6.1. Use ActiveSupport::ParameterFilter instead. (called from const_get at /Library/Ruby/Gems/2.6.0/gems/sorbet-0.5.5870/lib/serialize.rb:118)
DEPRECATION WARNING: SourceAnnotationExtractor is deprecated! Use Rails::SourceAnnotationExtractor instead. (called from class_or_module at /Library/Ruby/Gems/2.6.0/gems/sorbet-0.5.5870/lib/serialize.rb:142)
DEPRECATION WARNING: ActionDispatch::Http::ParameterFilter is deprecated and will be removed from Rails 6.1. Use ActiveSupport::ParameterFilter instead. (called from const_get at /Library/Ruby/Gems/2.6.0/gems/sorbet-0.5.5870/lib/hidden-definition-finder.rb:327)
  [1m[35m (2.1ms)[0m  [1m[34mSELECT sqlite_version(*)[0m
  [1m[35m (2.8ms)[0m  [1m[35mCREATE TABLE "schema_migrations" ("version" varchar NOT NULL PRIMARY KEY)[0m
  [1m[35m (2.4ms)[0m  [1m[35mCREATE TABLE "ar_internal_metadata" ("key" varchar NOT NULL PRIMARY KEY, "value" varchar, "created_at" datetime(6) NOT NULL, "updated_at" datetime(6) NOT NULL)[0m
  [1m[35m (0.2ms)[0m  [1m[34mSELECT "schema_migrations"."version" FROM "schema_migrations" ORDER BY "schema_migrations"."version" ASC[0m
Migrating to CreateContacts (20200817151908)
  [1m[35m (0.1ms)[0m  [1m[36mbegin transaction[0m
  [1m[35m (0.6ms)[0m  [1m[35mCREATE TABLE "contacts" ("id" integer PRIMARY KEY AUTOINCREMENT NOT NULL, "name" varchar NOT NULL, "phone" varchar NOT NULL, "email" varchar, "address" varchar, "created_at" datetime(6) NOT NULL, "updated_at" datetime(6) NOT NULL)[0m
  [1m[36mprimary::SchemaMigration Create (0.2ms)[0m  [1m[32mINSERT INTO "schema_migrations" ("version") VALUES (?)[0m  [["version", "20200817151908"]]
  [1m[35m (6.6ms)[0m  [1m[36mcommit transaction[0m
  [1m[36mActiveRecord::InternalMetadata Load (0.3ms)[0m  [1m[34mSELECT "ar_internal_metadata".* FROM "ar_internal_metadata" WHERE "ar_internal_metadata"."key" = ? LIMIT ?[0m  [["key", "environment"], ["LIMIT", 1]]
  [1m[35m (0.1ms)[0m  [1m[36mbegin transaction[0m
  [1m[36mActiveRecord::InternalMetadata Create (0.6ms)[0m  [1m[32mINSERT INTO "ar_internal_metadata" ("key", "value", "created_at", "updated_at") VALUES (?, ?, ?, ?)[0m  [["key", "environment"], ["value", "development"], ["created_at", "2020-08-17 15:20:41.576298"], ["updated_at", "2020-08-17 15:20:41.576298"]]
  [1m[35m (1.9ms)[0m  [1m[36mcommit transaction[0m
  [1m[35m (0.1ms)[0m  [1m[34mSELECT sqlite_version(*)[0m
  [1m[35m (0.1ms)[0m  [1m[34mSELECT "schema_migrations"."version" FROM "schema_migrations" ORDER BY "schema_migrations"."version" ASC[0m
